#
# There is insufficient memory for the Java Runtime Environment to continue.
# Native memory allocation (malloc) failed to allocate 454736 bytes for Chunk::new
# Possible reasons:
#   The system is out of physical RAM or swap space
#   The process is running with CompressedOops enabled, and the Java Heap may be blocking the growth of the native heap
# Possible solutions:
#   Reduce memory load on the system
#   Increase physical memory or swap space
#   Check if swap backing store is full
#   Decrease Java heap size (-Xmx/-Xms)
#   Decrease number of Java threads
#   Decrease Java thread stack sizes (-Xss)
#   Set larger code cache with -XX:ReservedCodeCacheSize=
#   JVM is running with Unscaled Compressed Oops mode in which the Java heap is
#     placed in the first 4GB address space. The Java Heap base address is the
#     maximum limit for the native heap growth. Please use -XX:HeapBaseMinAddress
#     to set the Java Heap base and to place the Java Heap above 4GB virtual address.
# This output file may be truncated or incomplete.
#
#  Out of Memory Error (allocation.cpp:389), pid=14056, tid=0x0000000000000f70
#
# JRE version: OpenJDK Runtime Environment (8.0_212-b04) (build 1.8.0_212-release-1586-b04)
# Java VM: OpenJDK 64-Bit Server VM (25.212-b04 mixed mode windows-amd64 compressed oops)
# Failed to write core dump. Minidumps are not enabled by default on client versions of Windows
#

---------------  T H R E A D  ---------------

Current thread (0x0000000018bd9800):  JavaThread "C2 CompilerThread1" daemon [_thread_in_native, id=3952, stack(0x00000000195b0000,0x00000000196b0000)]

Stack: [0x00000000195b0000,0x00000000196b0000]
[error occurred during error reporting (printing stack bounds), id 0xc0000005]

Native frames: (J=compiled Java code, j=interpreted, Vv=VM code, C=native code)


Current CompileTask:
C2:  21907 10406   !   4       java.nio.file.FileTreeWalker::next (144 bytes)


---------------  P R O C E S S  ---------------

Java Threads: ( => current thread )
  0x000000001c013000 JavaThread "stdout" [_thread_in_native, id=6100, stack(0x000000002bb80000,0x000000002bc80000)]
  0x000000001c016000 JavaThread "stderr" [_thread_in_native, id=12548, stack(0x000000002ba80000,0x000000002bb80000)]
  0x000000001c012800 JavaThread "stdout" [_thread_in_native, id=13484, stack(0x000000002b980000,0x000000002ba80000)]
  0x000000001c014000 JavaThread "stderr" [_thread_in_native, id=13028, stack(0x000000002b880000,0x000000002b980000)]
  0x000000001c011000 JavaThread "stdout" [_thread_in_native, id=4924, stack(0x000000002b780000,0x000000002b880000)]
  0x000000001c011800 JavaThread "stderr" [_thread_in_native, id=12756, stack(0x000000002b680000,0x000000002b780000)]
  0x000000001c015800 JavaThread "stdout" [_thread_in_native, id=8776, stack(0x000000002b580000,0x000000002b680000)]
  0x000000001c007800 JavaThread "stderr" [_thread_in_native, id=13224, stack(0x000000002b480000,0x000000002b580000)]
  0x000000001c00d000 JavaThread "stdout" [_thread_in_native, id=12480, stack(0x000000002b380000,0x000000002b480000)]
  0x000000001c00e000 JavaThread "stderr" [_thread_in_native, id=13548, stack(0x000000002b280000,0x000000002b380000)]
  0x000000001c00b800 JavaThread "stdout" [_thread_in_native, id=2648, stack(0x000000002b180000,0x000000002b280000)]
  0x000000001c00e800 JavaThread "stderr" [_thread_in_native, id=8324, stack(0x000000002b080000,0x000000002b180000)]
  0x000000001c00b000 JavaThread "stdout" [_thread_in_native, id=6304, stack(0x000000002af80000,0x000000002b080000)]
  0x000000001c00a000 JavaThread "stderr" [_thread_in_native, id=1200, stack(0x000000002ae80000,0x000000002af80000)]
  0x000000001c009000 JavaThread "stdout" [_thread_in_native, id=5844, stack(0x000000002ad80000,0x000000002ae80000)]
  0x000000001c008800 JavaThread "stderr" [_thread_in_native, id=13608, stack(0x000000002aa50000,0x000000002ab50000)]
  0x000000001c00c800 JavaThread "pool-4-thread-1" [_thread_blocked, id=9696, stack(0x000000002ac80000,0x000000002ad80000)]
  0x000000001b96a000 JavaThread "WorkerExecutor Queue Thread 8" [_thread_blocked, id=10404, stack(0x000000002ab80000,0x000000002ac80000)]
  0x000000001b968000 JavaThread "MarlinRenderer Disposer" daemon [_thread_blocked, id=12836, stack(0x000000002a750000,0x000000002a850000)]
  0x000000001b967000 JavaThread "Java2D Disposer" daemon [_thread_blocked, id=8532, stack(0x000000002a650000,0x000000002a750000)]
  0x000000001b964800 JavaThread "WorkerExecutor Queue Thread 7" [_thread_blocked, id=12244, stack(0x000000002a550000,0x000000002a650000)]
  0x000000001b968800 JavaThread "WorkerExecutor Queue Thread 6" [_thread_blocked, id=11928, stack(0x000000002a450000,0x000000002a550000)]
  0x000000001b966000 JavaThread "WorkerExecutor Queue Thread 5" [_thread_blocked, id=3552, stack(0x000000002a350000,0x000000002a450000)]
  0x000000001b969800 JavaThread "WorkerExecutor Queue Thread 4" [_thread_blocked, id=10064, stack(0x000000002a250000,0x000000002a350000)]
  0x000000001b965800 JavaThread "WorkerExecutor Queue Thread 3" [_thread_blocked, id=5540, stack(0x000000002a150000,0x000000002a250000)]
  0x000000001b95c800 JavaThread "WorkerExecutor Queue Thread 2" [_thread_blocked, id=6520, stack(0x000000002a050000,0x000000002a150000)]
  0x000000001b963000 JavaThread "WorkerExecutor Queue" [_thread_blocked, id=1772, stack(0x0000000029d50000,0x0000000029e50000)]
  0x000000001b961800 JavaThread "Cache worker for execution history cache (C:\Users\aadar\AndroidStudioProjects\WhatstheWeather\.gradle\5.6.4\executionHistory)" [_thread_blocked, id=4960, stack(0x0000000029c50000,0x0000000029d50000)]
  0x000000001b961000 JavaThread "Execution worker for ':' Thread 7" [_thread_in_Java, id=14320, stack(0x0000000029b50000,0x0000000029c50000)]
  0x000000001b960000 JavaThread "Execution worker for ':' Thread 6" [_thread_blocked, id=2560, stack(0x0000000029a50000,0x0000000029b50000)]
  0x000000001b95e000 JavaThread "Execution worker for ':' Thread 5" [_thread_in_native, id=9608, stack(0x0000000029950000,0x0000000029a50000)]
  0x000000001b95f800 JavaThread "Execution worker for ':' Thread 4" [_thread_blocked, id=12440, stack(0x0000000029850000,0x0000000029950000)]
  0x000000001b95e800 JavaThread "Execution worker for ':' Thread 3" [_thread_blocked, id=5220, stack(0x0000000029750000,0x0000000029850000)]
  0x000000001b95b000 JavaThread "Execution worker for ':' Thread 2" [_thread_blocked, id=5552, stack(0x0000000029650000,0x0000000029750000)]
  0x000000001b95d000 JavaThread "Execution worker for ':'" [_thread_blocked, id=5956, stack(0x0000000029550000,0x0000000029650000)]
  0x0000000019e25000 JavaThread "Cache worker for file content cache (C:\Users\aadar\AndroidStudioProjects\WhatstheWeather\.gradle\5.6.4\fileContent)" [_thread_blocked, id=7476, stack(0x00000000271e0000,0x00000000272e0000)]
  0x0000000019e24800 JavaThread "Cache worker for file content cache (C:\Users\aadar\.gradle\caches\5.6.4\fileContent)" [_thread_blocked, id=7724, stack(0x0000000026e00000,0x0000000026f00000)]
  0x0000000019e29800 JavaThread "Cache worker for Build Output Cleanup Cache (C:\Users\aadar\AndroidStudioProjects\WhatstheWeather\.gradle\buildOutputCleanup)" [_thread_blocked, id=7352, stack(0x00000000254e0000,0x00000000255e0000)]
  0x0000000019e29000 JavaThread "pool-3-thread-1" [_thread_blocked, id=9820, stack(0x0000000024430000,0x0000000024530000)]
  0x000000001ba3d000 JavaThread "Build operations Thread 8" [_thread_blocked, id=11828, stack(0x0000000024130000,0x0000000024230000)]
  0x000000001ba42800 JavaThread "Build operations Thread 7" [_thread_blocked, id=6224, stack(0x0000000023c30000,0x0000000023d30000)]
  0x000000001ba40000 JavaThread "Build operations Thread 6" [_thread_blocked, id=13512, stack(0x0000000023b30000,0x0000000023c30000)]
  0x000000001ba44000 JavaThread "Build operations Thread 5" [_thread_blocked, id=14040, stack(0x0000000023a30000,0x0000000023b30000)]
  0x000000001ba3f800 JavaThread "Build operations Thread 4" [_thread_blocked, id=3516, stack(0x0000000023930000,0x0000000023a30000)]
  0x000000001ba41800 JavaThread "Build operations Thread 3" [_thread_blocked, id=13684, stack(0x0000000023830000,0x0000000023930000)]
  0x000000001ba3e000 JavaThread "Build operations Thread 2" [_thread_blocked, id=7084, stack(0x0000000023180000,0x0000000023280000)]
  0x000000001ba43000 JavaThread "Build operations" [_thread_blocked, id=13108, stack(0x0000000023080000,0x0000000023180000)]
  0x000000001ba3c000 JavaThread "Cache worker for cache directory md-rule (C:\Users\aadar\.gradle\caches\5.6.4\md-rule)" [_thread_blocked, id=1208, stack(0x0000000022f80000,0x0000000023080000)]
  0x000000001ba3b800 JavaThread "Cache worker for cache directory md-supplier (C:\Users\aadar\.gradle\caches\5.6.4\md-supplier)" [_thread_blocked, id=1664, stack(0x0000000020170000,0x0000000020270000)]
  0x000000001ba3a800 JavaThread "Cache worker for file hash cache (C:\Users\aadar\AndroidStudioProjects\WhatstheWeather\.gradle\5.6.4\fileHashes)" [_thread_blocked, id=5972, stack(0x0000000020070000,0x0000000020170000)]
  0x000000001ba3a000 JavaThread "Thread-30" [_thread_blocked, id=11288, stack(0x000000001d4d0000,0x000000001d5d0000)]
  0x000000001ba37800 JavaThread "Stdin handler" [_thread_blocked, id=13688, stack(0x000000001d3d0000,0x000000001d4d0000)]
  0x000000001ba36000 JavaThread "Asynchronous log dispatcher for DefaultDaemonConnection: socket connection from /127.0.0.1:53210 to /127.0.0.1:53216" [_thread_blocked, id=9984, stack(0x000000001d1d0000,0x000000001d2d0000)]
  0x000000001ba39000 JavaThread "Cancel handler" [_thread_blocked, id=508, stack(0x000000001cfd0000,0x000000001d0d0000)]
  0x000000001ba38800 JavaThread "Handler for socket connection from /127.0.0.1:53210 to /127.0.0.1:53216" [_thread_in_native, id=13732, stack(0x000000001ccd0000,0x000000001cdd0000)]
  0x000000001ba3e800 JavaThread "Memory manager" [_thread_blocked, id=12476, stack(0x0000000024730000,0x0000000024830000)]
  0x000000001ba34800 JavaThread "Cache worker for execution history cache (C:\Users\aadar\.gradle\caches\5.6.4\executionHistory)" [_thread_blocked, id=4072, stack(0x00000000218b0000,0x00000000219b0000)]
  0x0000000019e2b800 JavaThread "Cache worker for journal cache (C:\Users\aadar\.gradle\caches\journal-1)" [_thread_blocked, id=13788, stack(0x000000001d9d0000,0x000000001dad0000)]
  0x0000000019e26000 JavaThread "File lock request listener" [_thread_in_native, id=5712, stack(0x000000001d8d0000,0x000000001d9d0000)]
  0x0000000019e2a800 JavaThread "Cache worker for file hash cache (C:\Users\aadar\.gradle\caches\5.6.4\fileHashes)" [_thread_blocked, id=8852, stack(0x000000001d7d0000,0x000000001d8d0000)]
  0x000000001b61b000 JavaThread "Daemon worker" [_thread_blocked, id=11616, stack(0x000000001d0d0000,0x000000001d1d0000)]
  0x000000001b5f1800 JavaThread "Daemon" [_thread_blocked, id=8108, stack(0x000000001cbd0000,0x000000001ccd0000)]
  0x000000001b56e800 JavaThread "Daemon periodic checks" [_thread_blocked, id=5548, stack(0x000000001cad0000,0x000000001cbd0000)]
  0x000000001b56d800 JavaThread "Incoming local TCP Connector on port 53210" [_thread_in_native, id=9664, stack(0x000000001c890000,0x000000001c990000)]
  0x0000000019afb800 JavaThread "Daemon health stats" [_thread_blocked, id=13332, stack(0x000000001c250000,0x000000001c350000)]
  0x0000000018c0c800 JavaThread "Service Thread" daemon [_thread_blocked, id=2472, stack(0x00000000198b0000,0x00000000199b0000)]
  0x0000000018be0800 JavaThread "C1 CompilerThread3" daemon [_thread_blocked, id=12708, stack(0x00000000197b0000,0x00000000198b0000)]
  0x0000000018bda800 JavaThread "C2 CompilerThread2" daemon [_thread_in_vm, id=5428, stack(0x00000000196b0000,0x00000000197b0000)]
=>0x0000000018bd9800 JavaThread "C2 CompilerThread1" daemon [_thread_in_native, id=3952, stack(0x00000000195b0000,0x00000000196b0000)]
  0x0000000018bd7000 JavaThread "C2 CompilerThread0" daemon [_thread_in_native, id=9368, stack(0x00000000194b0000,0x00000000195b0000)]
  0x0000000018be4800 JavaThread "Attach Listener" daemon [_thread_blocked, id=11580, stack(0x00000000193b0000,0x00000000194b0000)]
  0x0000000018be1800 JavaThread "Signal Dispatcher" daemon [_thread_blocked, id=4368, stack(0x00000000192b0000,0x00000000193b0000)]
  0x0000000018bd0800 JavaThread "Finalizer" daemon [_thread_blocked, id=12720, stack(0x00000000190b0000,0x00000000191b0000)]
  0x0000000002fd7000 JavaThread "Reference Handler" daemon [_thread_blocked, id=5648, stack(0x0000000018fb0000,0x00000000190b0000)]
  0x0000000000ddd800 JavaThread "main" [_thread_blocked, id=1688, stack(0x0000000002dc0000,0x0000000002ec0000)]

Other Threads:
  0x0000000016db6800 VMThread [stack: 0x0000000018ab0000,0x0000000018bb0000] [id=11724]
  0x0000000018c0d800 WatcherThread [stack: 0x00000000199b0000,0x0000000019ab0000] [id=6812]

VM state:not at safepoint (normal execution)

VM Mutex/Monitor currently owned by a thread: None

heap address: 0x00000000a0000000, size: 1536 MB, Compressed Oops mode: 32-bit
Narrow klass base: 0x0000000000000000, Narrow klass shift: 3
Compressed class space size: 1073741824 Address: 0x0000000100000000

Heap:
 PSYoungGen      total 236544K, used 140791K [0x00000000e0000000, 0x00000000efe00000, 0x0000000100000000)
  eden space 218624K, 56% used [0x00000000e0000000,0x00000000e7815618,0x00000000ed580000)
  from space 17920K, 99% used [0x00000000eec80000,0x00000000efde8608,0x00000000efe00000)
  to   space 20480K, 0% used [0x00000000ed600000,0x00000000ed600000,0x00000000eea00000)
 ParOldGen       total 138752K, used 43083K [0x00000000a0000000, 0x00000000a8780000, 0x00000000e0000000)
  object space 138752K, 31% used [0x00000000a0000000,0x00000000a2a12f88,0x00000000a8780000)
 Metaspace       used 79759K, capacity 83612K, committed 83840K, reserved 1122304K
  class space    used 10579K, capacity 11358K, committed 11392K, reserved 1048576K

Card table byte_map: [0x00000000123a0000,0x00000000126b0000] byte_map_base: 0x0000000011ea0000

Marking Bits: (ParMarkBitMap*) 0x0000000061da9f30
 Begin Bits: [0x00000000130b0000, 0x00000000148b0000)
 End Bits:   [0x00000000148b0000, 0x00000000160b0000)

Polling page: 0x00000000010d0000

CodeCache: size=245760Kb used=29876Kb max_used=29893Kb free=215883Kb
 bounds [0x0000000002fe0000, 0x0000000004d40000, 0x0000000011fe0000]
 total_blobs=10014 nmethods=9061 adapters=865
 compilation: enabled

Compilation events (10 events):
Event: 21.869 Thread 0x0000000018bd7000 nmethod 10421 0x00000000039da910 code [0x00000000039daa60, 0x00000000039dac28]
Event: 21.869 Thread 0x0000000018bd7000 10418       4       org.gradle.execution.plan.Node::isComplete (56 bytes)
Event: 21.871 Thread 0x0000000018bd7000 nmethod 10418 0x00000000031a9810 code [0x00000000031a9960, 0x00000000031a9a38]
Event: 21.871 Thread 0x0000000018bd7000 10423       4       org.gradle.execution.plan.DefaultExecutionPlan::allDependenciesComplete (37 bytes)
Event: 21.876 Thread 0x0000000018be0800 10442       3       org.gradle.internal.snapshot.impl.DefaultFileSystemSnapshotter$InternableString::asInterned (40 bytes)
Event: 21.876 Thread 0x0000000018be0800 nmethod 10442 0x000000000345f890 code [0x000000000345fa00, 0x000000000345fd88]
Event: 21.883 Thread 0x0000000018be0800 10443       1       com.google.protobuf.GeneratedMessageV3$Builder::getUnknownFields (5 bytes)
Event: 21.883 Thread 0x0000000018be0800 nmethod 10443 0x0000000004042c10 code [0x0000000004042d60, 0x0000000004042e70]
Event: 21.894 Thread 0x0000000018be0800 10448       2       java.util.TimSort::binarySort (223 bytes)
Event: 21.897 Thread 0x0000000018be0800 nmethod 10448 0x0000000004d287d0 code [0x0000000004d28980, 0x0000000004d28f58]

GC Heap History (10 events):
Event: 8.803 GC heap before
{Heap before GC invocations=13 (full 2):
 PSYoungGen      total 143872K, used 143647K [0x00000000e0000000, 0x00000000ea380000, 0x0000000100000000)
  eden space 134656K, 100% used [0x00000000e0000000,0x00000000e8380000,0x00000000e8380000)
  from space 9216K, 97% used [0x00000000e9a80000,0x00000000ea347c10,0x00000000ea380000)
  to   space 12288K, 0% used [0x00000000e8b80000,0x00000000e8b80000,0x00000000e9780000)
 ParOldGen       total 86528K, used 14821K [0x00000000a0000000, 0x00000000a5480000, 0x00000000e0000000)
  object space 86528K, 17% used [0x00000000a0000000,0x00000000a0e796e8,0x00000000a5480000)
 Metaspace       used 52049K, capacity 53502K, committed 53632K, reserved 1095680K
  class space    used 6864K, capacity 7227K, committed 7296K, reserved 1048576K
Event: 8.829 GC heap after
Heap after GC invocations=13 (full 2):
 PSYoungGen      total 155136K, used 12284K [0x00000000e0000000, 0x00000000eca80000, 0x0000000100000000)
  eden space 142848K, 0% used [0x00000000e0000000,0x00000000e0000000,0x00000000e8b80000)
  from space 12288K, 99% used [0x00000000e8b80000,0x00000000e977f300,0x00000000e9780000)
  to   space 16896K, 0% used [0x00000000eba00000,0x00000000eba00000,0x00000000eca80000)
 ParOldGen       total 86528K, used 24145K [0x00000000a0000000, 0x00000000a5480000, 0x00000000e0000000)
  object space 86528K, 27% used [0x00000000a0000000,0x00000000a1794748,0x00000000a5480000)
 Metaspace       used 52049K, capacity 53502K, committed 53632K, reserved 1095680K
  class space    used 6864K, capacity 7227K, committed 7296K, reserved 1048576K
}
Event: 9.824 GC heap before
{Heap before GC invocations=14 (full 2):
 PSYoungGen      total 155136K, used 81884K [0x00000000e0000000, 0x00000000eca80000, 0x0000000100000000)
  eden space 142848K, 48% used [0x00000000e0000000,0x00000000e43f7db8,0x00000000e8b80000)
  from space 12288K, 99% used [0x00000000e8b80000,0x00000000e977f300,0x00000000e9780000)
  to   space 16896K, 0% used [0x00000000eba00000,0x00000000eba00000,0x00000000eca80000)
 ParOldGen       total 86528K, used 24145K [0x00000000a0000000, 0x00000000a5480000, 0x00000000e0000000)
  object space 86528K, 27% used [0x00000000a0000000,0x00000000a1794748,0x00000000a5480000)
 Metaspace       used 57186K, capacity 59086K, committed 59136K, reserved 1099776K
  class space    used 7736K, capacity 8178K, committed 8192K, reserved 1048576K
Event: 9.842 GC heap after
Heap after GC invocations=14 (full 2):
 PSYoungGen      total 190976K, used 7141K [0x00000000e0000000, 0x00000000ed580000, 0x0000000100000000)
  eden space 174080K, 0% used [0x00000000e0000000,0x00000000e0000000,0x00000000eaa00000)
  from space 16896K, 42% used [0x00000000eba00000,0x00000000ec0f9698,0x00000000eca80000)
  to   space 16384K, 0% used [0x00000000eaa00000,0x00000000eaa00000,0x00000000eba00000)
 ParOldGen       total 86528K, used 36323K [0x00000000a0000000, 0x00000000a5480000, 0x00000000e0000000)
  object space 86528K, 41% used [0x00000000a0000000,0x00000000a2378e00,0x00000000a5480000)
 Metaspace       used 57186K, capacity 59086K, committed 59136K, reserved 1099776K
  class space    used 7736K, capacity 8178K, committed 8192K, reserved 1048576K
}
Event: 9.842 GC heap before
{Heap before GC invocations=15 (full 3):
 PSYoungGen      total 190976K, used 7141K [0x00000000e0000000, 0x00000000ed580000, 0x0000000100000000)
  eden space 174080K, 0% used [0x00000000e0000000,0x00000000e0000000,0x00000000eaa00000)
  from space 16896K, 42% used [0x00000000eba00000,0x00000000ec0f9698,0x00000000eca80000)
  to   space 16384K, 0% used [0x00000000eaa00000,0x00000000eaa00000,0x00000000eba00000)
 ParOldGen       total 86528K, used 36323K [0x00000000a0000000, 0x00000000a5480000, 0x00000000e0000000)
  object space 86528K, 41% used [0x00000000a0000000,0x00000000a2378e00,0x00000000a5480000)
 Metaspace       used 57186K, capacity 59086K, committed 59136K, reserved 1099776K
  class space    used 7736K, capacity 8178K, committed 8192K, reserved 1048576K
Event: 10.102 GC heap after
Heap after GC invocations=15 (full 3):
 PSYoungGen      total 190976K, used 0K [0x00000000e0000000, 0x00000000ed580000, 0x0000000100000000)
  eden space 174080K, 0% used [0x00000000e0000000,0x00000000e0000000,0x00000000eaa00000)
  from space 16896K, 0% used [0x00000000eba00000,0x00000000eba00000,0x00000000eca80000)
  to   space 16384K, 0% used [0x00000000eaa00000,0x00000000eaa00000,0x00000000eba00000)
 ParOldGen       total 138752K, used 33691K [0x00000000a0000000, 0x00000000a8780000, 0x00000000e0000000)
  object space 138752K, 24% used [0x00000000a0000000,0x00000000a20e6c58,0x00000000a8780000)
 Metaspace       used 57152K, capacity 58972K, committed 59136K, reserved 1099776K
  class space    used 7726K, capacity 8159K, committed 8192K, reserved 1048576K
}
Event: 12.100 GC heap before
{Heap before GC invocations=16 (full 3):
 PSYoungGen      total 190976K, used 174080K [0x00000000e0000000, 0x00000000ed580000, 0x0000000100000000)
  eden space 174080K, 100% used [0x00000000e0000000,0x00000000eaa00000,0x00000000eaa00000)
  from space 16896K, 0% used [0x00000000eba00000,0x00000000eba00000,0x00000000eca80000)
  to   space 16384K, 0% used [0x00000000eaa00000,0x00000000eaa00000,0x00000000eba00000)
 ParOldGen       total 138752K, used 33691K [0x00000000a0000000, 0x00000000a8780000, 0x00000000e0000000)
  object space 138752K, 24% used [0x00000000a0000000,0x00000000a20e6c58,0x00000000a8780000)
 Metaspace       used 65326K, capacity 67822K, committed 67968K, reserved 1107968K
  class space    used 9004K, capacity 9502K, committed 9600K, reserved 1048576K
Event: 12.245 GC heap after
Heap after GC invocations=16 (full 3):
 PSYoungGen      total 190464K, used 14877K [0x00000000e0000000, 0x00000000efe00000, 0x0000000100000000)
  eden space 174080K, 0% used [0x00000000e0000000,0x00000000e0000000,0x00000000eaa00000)
  from space 16384K, 90% used [0x00000000eaa00000,0x00000000eb8876c0,0x00000000eba00000)
  to   space 17920K, 0% used [0x00000000eec80000,0x00000000eec80000,0x00000000efe00000)
 ParOldGen       total 138752K, used 33699K [0x00000000a0000000, 0x00000000a8780000, 0x00000000e0000000)
  object space 138752K, 24% used [0x00000000a0000000,0x00000000a20e8c58,0x00000000a8780000)
 Metaspace       used 65326K, capacity 67822K, committed 67968K, reserved 1107968K
  class space    used 9004K, capacity 9502K, committed 9600K, reserved 1048576K
}
Event: 19.474 GC heap before
{Heap before GC invocations=17 (full 3):
 PSYoungGen      total 190464K, used 188957K [0x00000000e0000000, 0x00000000efe00000, 0x0000000100000000)
  eden space 174080K, 100% used [0x00000000e0000000,0x00000000eaa00000,0x00000000eaa00000)
  from space 16384K, 90% used [0x00000000eaa00000,0x00000000eb8876c0,0x00000000eba00000)
  to   space 17920K, 0% used [0x00000000eec80000,0x00000000eec80000,0x00000000efe00000)
 ParOldGen       total 138752K, used 33699K [0x00000000a0000000, 0x00000000a8780000, 0x00000000e0000000)
  object space 138752K, 24% used [0x00000000a0000000,0x00000000a20e8c58,0x00000000a8780000)
 Metaspace       used 74884K, capacity 78476K, committed 78720K, reserved 1118208K
  class space    used 10003K, capacity 10778K, committed 10880K, reserved 1048576K
Event: 19.516 GC heap after
Heap after GC invocations=17 (full 3):
 PSYoungGen      total 236544K, used 17825K [0x00000000e0000000, 0x00000000efe00000, 0x0000000100000000)
  eden space 218624K, 0% used [0x00000000e0000000,0x00000000e0000000,0x00000000ed580000)
  from space 17920K, 99% used [0x00000000eec80000,0x00000000efde8608,0x00000000efe00000)
  to   space 20480K, 0% used [0x00000000ed600000,0x00000000ed600000,0x00000000eea00000)
 ParOldGen       total 138752K, used 43083K [0x00000000a0000000, 0x00000000a8780000, 0x00000000e0000000)
  object space 138752K, 31% used [0x00000000a0000000,0x00000000a2a12f88,0x00000000a8780000)
 Metaspace       used 74884K, capacity 78476K, committed 78720K, reserved 1118208K
  class space    used 10003K, capacity 10778K, committed 10880K, reserved 1048576K
}

Deoptimization events (10 events):
Event: 21.264 Thread 0x000000001b95f800 Uncommon trap: reason=bimorphic action=maybe_recompile pc=0x0000000004725440 method=java.util.concurrent.ConcurrentHashMap.putVal(Ljava/lang/Object;Ljava/lang/Object;Z)Ljava/lang/Object; @ 192
Event: 21.264 Thread 0x000000001b95f800 Uncommon trap: reason=bimorphic action=maybe_recompile pc=0x0000000004725440 method=java.util.concurrent.ConcurrentHashMap.putVal(Ljava/lang/Object;Ljava/lang/Object;Z)Ljava/lang/Object; @ 192
Event: 21.277 Thread 0x000000001b95f800 Uncommon trap: reason=bimorphic action=maybe_recompile pc=0x0000000004b9d66c method=com.sun.org.apache.xerces.internal.dom.AttributeMap.setNamedItem(Lorg/w3c/dom/Node;)Lorg/w3c/dom/Node; @ 4
Event: 21.277 Thread 0x000000001b95f800 Uncommon trap: reason=bimorphic action=maybe_recompile pc=0x0000000004b9d66c method=com.sun.org.apache.xerces.internal.dom.AttributeMap.setNamedItem(Lorg/w3c/dom/Node;)Lorg/w3c/dom/Node; @ 4
Event: 21.277 Thread 0x000000001b95f800 Uncommon trap: reason=bimorphic action=maybe_recompile pc=0x0000000004b9d66c method=com.sun.org.apache.xerces.internal.dom.AttributeMap.setNamedItem(Lorg/w3c/dom/Node;)Lorg/w3c/dom/Node; @ 4
Event: 21.277 Thread 0x000000001b95f800 Uncommon trap: reason=bimorphic action=maybe_recompile pc=0x0000000004b9d66c method=com.sun.org.apache.xerces.internal.dom.AttributeMap.setNamedItem(Lorg/w3c/dom/Node;)Lorg/w3c/dom/Node; @ 4
Event: 21.289 Thread 0x000000001b95f800 Uncommon trap: reason=unstable_if action=reinterpret pc=0x0000000004b3ef14 method=com.sun.org.apache.xerces.internal.dom.DeferredDocumentImpl.getTypeInfo(I)Ljava/lang/Object; @ 24
Event: 21.303 Thread 0x000000001b95f800 Uncommon trap: reason=null_check action=make_not_entrant pc=0x0000000004cbaa9c method=com.sun.org.apache.xerces.internal.dom.ElementImpl.getDefaultAttributes()Lcom/sun/org/apache/xerces/internal/dom/NamedNodeMapImpl; @ 7
Event: 21.760 Thread 0x000000001c00a000 Uncommon trap: reason=unstable_if action=reinterpret pc=0x0000000004a44120 method=java.io.BufferedReader.readLine(Z)Ljava/lang/String; @ 192
Event: 21.897 Thread 0x000000001b95e800 Uncommon trap: reason=null_check action=make_not_entrant pc=0x0000000004d25468 method=org.gradle.tooling.internal.provider.runner.SubtreeFilteringBuildOperationListener.finished(Lorg/gradle/internal/operations/BuildOperationDescriptor;Lorg/gradle/internal

Classes redefined (0 events):
No events

Internal exceptions (10 events):
Event: 20.885 Thread 0x000000001b95f800 Exception <a 'java/lang/NoSuchMethodError': <clinit>> (0x00000000e52c1268) thrown at [D:\src\AOSP-openjdk-cygwin\jdk8u\hotspot\src\share\vm\prims\jni.cpp, line 1614]
Event: 21.025 Thread 0x000000001b966000 Exception <a 'java/io/FileNotFoundException'> (0x00000000e5c90060) thrown at [D:\src\AOSP-openjdk-cygwin\jdk8u\hotspot\src\share\vm\prims\jni.cpp, line 710]
Event: 21.055 Thread 0x000000001b966000 Exception <a 'java/io/FileNotFoundException'> (0x00000000e5cac448) thrown at [D:\src\AOSP-openjdk-cygwin\jdk8u\hotspot\src\share\vm\prims\jni.cpp, line 710]
Event: 21.289 Thread 0x000000001b95f800 Implicit null exception at 0x0000000004b3ee75 to 0x0000000004b3eef9
Event: 21.303 Thread 0x000000001b95f800 Implicit null exception at 0x0000000004cba9dd to 0x0000000004cbaa85
Event: 21.509 Thread 0x000000001b95f800 Exception <a 'java/lang/NoSuchMethodError': <clinit>> (0x00000000e6cff4c8) thrown at [D:\src\AOSP-openjdk-cygwin\jdk8u\hotspot\src\share\vm\prims\jni.cpp, line 1614]
Event: 21.511 Thread 0x000000001b95f800 Exception <a 'java/lang/NoSuchMethodError': <clinit>> (0x00000000e6d1a978) thrown at [D:\src\AOSP-openjdk-cygwin\jdk8u\hotspot\src\share\vm\prims\jni.cpp, line 1614]
Event: 21.511 Thread 0x000000001b95f800 Exception <a 'java/lang/NoSuchMethodError': <clinit>> (0x00000000e6d1f860) thrown at [D:\src\AOSP-openjdk-cygwin\jdk8u\hotspot\src\share\vm\prims\jni.cpp, line 1614]
Event: 21.512 Thread 0x000000001b95f800 Exception <a 'java/lang/NoSuchMethodError': <clinit>> (0x00000000e6d307f0) thrown at [D:\src\AOSP-openjdk-cygwin\jdk8u\hotspot\src\share\vm\prims\jni.cpp, line 1614]
Event: 21.897 Thread 0x000000001b95e800 Implicit null exception at 0x0000000004d24b1f to 0x0000000004d25441

Events (10 events):
Event: 21.853 loading class org/gradle/internal/snapshot/impl/MapValueSnapshot done
Event: 21.868 loading class com/android/manifmerger/ManifestMerger2$Invoker$Feature
Event: 21.868 loading class com/android/manifmerger/ManifestMerger2$Invoker$Feature done
Event: 21.872 Thread 0x000000001b95e800 DEOPT PACKING pc=0x0000000004bb6c63 sp=0x000000002984c8d0
Event: 21.872 Thread 0x000000001b95e800 DEOPT UNPACKING pc=0x00000000030275d0 sp=0x000000002984c640 mode 0
Event: 21.880 Executing VM operation: RevokeBias
Event: 21.880 Executing VM operation: RevokeBias done
Event: 21.897 Thread 0x000000001b95e800 Uncommon trap: trap_request=0xfffffff4 fr.pc=0x0000000004d25468
Event: 21.897 Thread 0x000000001b95e800 DEOPT PACKING pc=0x0000000004d25468 sp=0x000000002984d380
Event: 21.897 Thread 0x000000001b95e800 DEOPT UNPACKING pc=0x000000000302557b sp=0x000000002984d330 mode 2


Dynamic libraries:
0x00007ff756020000 - 0x00007ff756051000 	C:\Program Files\Android\Android Studio\jre\bin\java.exe
0x00007ff843820000 - 0x00007ff843a10000 	C:\windows\SYSTEM32\ntdll.dll
0x00007ff842760000 - 0x00007ff842812000 	C:\windows\System32\KERNEL32.DLL
0x00007ff8415a0000 - 0x00007ff841843000 	C:\windows\System32\KERNELBASE.dll
0x00007ff841930000 - 0x00007ff8419d3000 	C:\windows\System32\ADVAPI32.dll
0x00007ff843400000 - 0x00007ff84349e000 	C:\windows\System32\msvcrt.dll
0x00007ff8420f0000 - 0x00007ff842187000 	C:\windows\System32\sechost.dll
0x00007ff8432e0000 - 0x00007ff843400000 	C:\windows\System32\RPCRT4.dll
0x00007ff842ad0000 - 0x00007ff842c64000 	C:\windows\System32\USER32.dll
0x00007ff840800000 - 0x00007ff840821000 	C:\windows\System32\win32u.dll
0x00007ff842d20000 - 0x00007ff842d46000 	C:\windows\System32\GDI32.dll
0x00007ff840a30000 - 0x00007ff840bc4000 	C:\windows\System32\gdi32full.dll
0x00007ff8414b0000 - 0x00007ff84154e000 	C:\windows\System32\msvcp_win.dll
0x00007ff841350000 - 0x00007ff84144a000 	C:\windows\System32\ucrtbase.dll
0x00007ff83fbf0000 - 0x00007ff83fe75000 	C:\windows\WinSxS\amd64_microsoft.windows.common-controls_6595b64144ccf1df_6.0.18362.752_none_e6c0b5ed1312b70c\COMCTL32.dll
0x00007ff8434a0000 - 0x00007ff8437d6000 	C:\windows\System32\combase.dll
0x00007ff841850000 - 0x00007ff8418d0000 	C:\windows\System32\bcryptPrimitives.dll
0x00007ff842f60000 - 0x00007ff842f8e000 	C:\windows\System32\IMM32.DLL
0x0000000061420000 - 0x00000000614f2000 	C:\Program Files\Android\Android Studio\jre\jre\bin\msvcr100.dll
0x00000000615e0000 - 0x0000000061e26000 	C:\Program Files\Android\Android Studio\jre\jre\bin\server\jvm.dll
0x00007ff842210000 - 0x00007ff842218000 	C:\windows\System32\PSAPI.DLL
0x00007ff83d990000 - 0x00007ff83d9b4000 	C:\windows\SYSTEM32\WINMM.dll
0x00007ff83e640000 - 0x00007ff83e649000 	C:\windows\SYSTEM32\WSOCK32.dll
0x00007ff839390000 - 0x00007ff83939a000 	C:\windows\SYSTEM32\VERSION.dll
0x00007ff83d510000 - 0x00007ff83d53d000 	C:\windows\SYSTEM32\WINMMBASE.dll
0x00007ff841550000 - 0x00007ff84159a000 	C:\windows\System32\cfgmgr32.dll
0x00007ff842980000 - 0x00007ff8429ef000 	C:\windows\System32\ws2_32.DLL
0x00007ff83dad0000 - 0x00007ff83dadf000 	C:\Program Files\Android\Android Studio\jre\jre\bin\verify.dll
0x00007ff839450000 - 0x00007ff839479000 	C:\Program Files\Android\Android Studio\jre\jre\bin\java.dll
0x00007ff83c2e0000 - 0x00007ff83c2f6000 	C:\Program Files\Android\Android Studio\jre\jre\bin\zip.dll
0x00007ff841a00000 - 0x00007ff8420e5000 	C:\windows\System32\SHELL32.dll
0x00007ff842c70000 - 0x00007ff842d19000 	C:\windows\System32\shcore.dll
0x00007ff840bd0000 - 0x00007ff841350000 	C:\windows\System32\windows.storage.dll
0x00007ff840730000 - 0x00007ff840753000 	C:\windows\System32\profapi.dll
0x00007ff840760000 - 0x00007ff8407aa000 	C:\windows\System32\powrprof.dll
0x00007ff8406e0000 - 0x00007ff8406f0000 	C:\windows\System32\UMPDC.dll
0x00007ff842d50000 - 0x00007ff842da2000 	C:\windows\System32\shlwapi.dll
0x00007ff840710000 - 0x00007ff840721000 	C:\windows\System32\kernel.appcore.dll
0x00007ff8407b0000 - 0x00007ff8407c7000 	C:\windows\System32\cryptsp.dll
0x00007ff83a690000 - 0x00007ff83a6aa000 	C:\Program Files\Android\Android Studio\jre\jre\bin\net.dll
0x00007ff82a000000 - 0x00007ff82a1d5000 	C:\windows\SYSTEM32\urlmon.dll
0x00007ff82d070000 - 0x00007ff82d316000 	C:\windows\SYSTEM32\iertutil.dll
0x00007ff83fa40000 - 0x00007ff83fa4c000 	C:\windows\SYSTEM32\CRYPTBASE.DLL
0x00007ff83f870000 - 0x00007ff83f8d7000 	C:\windows\system32\mswsock.dll
0x00007ff839430000 - 0x00007ff839443000 	C:\Program Files\Android\Android Studio\jre\jre\bin\nio.dll
0x00007ff83d9c0000 - 0x00007ff83d9e6000 	C:\Users\aadar\.gradle\native\30\windows-amd64\native-platform.dll
0x00007ff83bec0000 - 0x00007ff83becd000 	C:\Program Files\Android\Android Studio\jre\jre\bin\management.dll
0x00007ff83f3e0000 - 0x00007ff83f413000 	C:\windows\system32\rsaenh.dll
0x00007ff8407d0000 - 0x00007ff8407f6000 	C:\windows\System32\bcrypt.dll
0x00007ff840600000 - 0x00007ff840625000 	C:\windows\SYSTEM32\USERENV.dll
0x00007ff83f580000 - 0x00007ff83f5ba000 	C:\windows\SYSTEM32\IPHLPAPI.DLL
0x00007ff842220000 - 0x00007ff842228000 	C:\windows\System32\NSI.dll
0x00007ff835ee0000 - 0x00007ff835ef6000 	C:\windows\SYSTEM32\dhcpcsvc6.DLL
0x00007ff837cb0000 - 0x00007ff837ccc000 	C:\windows\SYSTEM32\dhcpcsvc.DLL
0x00007ff83f5c0000 - 0x00007ff83f68a000 	C:\windows\SYSTEM32\DNSAPI.dll
0x00007ff809230000 - 0x00007ff8093cc000 	C:\Program Files\Android\Android Studio\jre\jre\bin\awt.dll
0x00007ff843140000 - 0x00007ff843204000 	C:\windows\System32\OLEAUT32.dll
0x00007ff83e1d0000 - 0x00007ff83e1fd000 	C:\windows\SYSTEM32\dwmapi.dll
0x00007ff83c660000 - 0x00007ff83cc20000 	C:\windows\SYSTEM32\d2d1.dll
0x00007ff83db90000 - 0x00007ff83dc1f000 	C:\windows\SYSTEM32\apphelp.dll
0x00007ff83dcc0000 - 0x00007ff83dd59000 	C:\windows\system32\uxtheme.dll

VM Arguments:
jvm_args: -Xmx1536m -Dfile.encoding=windows-1252 -Duser.country=IN -Duser.language=en -Duser.variant 
java_command: org.gradle.launcher.daemon.bootstrap.GradleDaemon 5.6.4
java_class_path (initial): C:\Users\aadar\.gradle\wrapper\dists\gradle-5.6.4-all\ankdp27end7byghfw1q2sw75f\gradle-5.6.4\lib\gradle-launcher-5.6.4.jar
Launcher Type: SUN_STANDARD

Environment Variables:
PATH=C:\ProgramData\Anaconda3;C:\ProgramData\Anaconda3\Library\mingw-w64\bin;C:\ProgramData\Anaconda3\Library\usr\bin;C:\ProgramData\Anaconda3\Library\bin;C:\ProgramData\Anaconda3\Scripts;C:\windows\system32;C:\windows;C:\windows\System32\Wbem;C:\windows\System32\WindowsPowerShell\v1.0\;C:\windows\System32\OpenSSH\;C:\Program Files\Java\jdk-11.0.6\bin;C:\Program Files\Git\cmd;C:\Users\aadar\Downloads\gradle-6.2-all\gradle-6.2\bin;C:\MinGW\bin;C:\Users\aadar\AppData\Local\Microsoft\WindowsApps;C:\Users\aadar\AppData\Local\GitHubDesktop\bin
USERNAME=aadar
OS=Windows_NT
PROCESSOR_IDENTIFIER=Intel64 Family 6 Model 142 Stepping 12, GenuineIntel



---------------  S Y S T E M  ---------------

OS: Windows 10.0 , 64 bit Build 18362 (10.0.18362.752)

CPU:total 8 (initial active 8) (4 cores per cpu, 2 threads per core) family 6 model 142 stepping 12, cmov, cx8, fxsr, mmx, sse, sse2, sse3, ssse3, sse4.1, sse4.2, popcnt, avx, avx2, aes, clmul, erms, 3dnowpref, lzcnt, ht, tsc, tscinvbit, bmi1, bmi2, adx

Memory: 4k page, physical 8272116k(565540k free), swap 33437940k(52k free)

vm_info: OpenJDK 64-Bit Server VM (25.212-b04) for windows-amd64 JRE (1.8.0_212-release-1586-b04), built by "builder" with MS VC++ 10.0 (VS2010)

time: Tue Apr 14 17:06:07 2020
timezone: India Standard Time
elapsed time: 21 seconds (0d 0h 0m 21s)

